Autotesting Result = 71.0/110, the final cap hasn't been defined yet but will be around 80-90
Test 1-1
SUCCESS DONE
Test 1-2
GamemodesTest > 1-2 Testing zombies spawn every 15 ticks in hard mode FAILED org.opentest4j.AssertionFailedError: expected: <true> but was: <false> at org.junit.jupiter.api.AssertionUtils.fail(AssertionUtils.java:55) at org.junit.jupiter.api.AssertTrue.assertTrue(AssertTrue.java:40) at org.junit.jupiter.api.AssertTrue.assertTrue(AssertTrue.java:35) at org.junit.jupiter.api.Assertions.assertTrue(Assertions.java:179) at dungeonmania.controllerTest.GamemodesTest.testHardZombieSpawning(GamemodesTest.java:48) FAILURE DONE 1 test completed, 1 failed FAILURE: Build failed with an exception. README.md assumptions.md build build.gradle design.pdf gradle gradlew gradlew.bat planning.pdf src What went wrong: Execution failed for task ':test'. > There were failing tests. See the report at: file:///Users/braedonwooding/project-automarking/t09b_brioche/build/reports/tests/test/index.html README.md assumptions.md build build.gradle design.pdf gradle gradlew gradlew.bat planning.pdf src Try: Run with --stacktrace option to get the stack trace. Run with --info or --debug option to get more log output. Run with --scan to get full insights. README.md assumptions.md build build.gradle design.pdf gradle gradlew gradlew.bat planning.pdf src Get more help at https://help.gradle.org BUILD FAILED in 5s
Test 1-3
SUCCESS DONE
Test 2-1
ZombieTest > 2-1 Testing movement of zombies FAILED java.lang.NullPointerException: Cannot invoke "java.util.List.isEmpty()" because the return value of "java.util.Map.get(Object)" is null at dungeonmania.MovingEntities.ZombieToast.canPass(ZombieToast.java:124) at dungeonmania.MovingEntities.ZombieToast.moveNormal(ZombieToast.java:89) at dungeonmania.MovingEntities.ZombieToast.move(ZombieToast.java:77) at dungeonmania.DungeonManiaController.tick(DungeonManiaController.java:170) at dungeonmania.controllerTest.Utils.tick(Utils.java:20) at dungeonmania.controllerTest.ZombieTest.testZombieMovement(ZombieTest.java:35) FAILURE DONE 1 test completed, 1 failed FAILURE: Build failed with an exception. README.md assumptions.md build build.gradle design.pdf gradle gradlew gradlew.bat planning.pdf src What went wrong: Execution failed for task ':test'. > There were failing tests. See the report at: file:///Users/braedonwooding/project-automarking/t09b_brioche/build/reports/tests/test/index.html README.md assumptions.md build build.gradle design.pdf gradle gradlew gradlew.bat planning.pdf src Try: Run with --stacktrace option to get the stack trace. Run with --info or --debug option to get more log output. Run with --scan to get full insights. README.md assumptions.md build build.gradle design.pdf gradle gradlew gradlew.bat planning.pdf src Get more help at https://help.gradle.org BUILD FAILED in 5s
Test 2-2
SUCCESS DONE
Test 2-3
ZombieTest > 1-3 Testing zombies spawn with armour intermittently (at least once every 200 ticks) FAILED java.lang.NullPointerException: Cannot invoke "java.util.List.stream()" because the return value of "java.util.Map.get(Object)" is null at dungeonmania.MovingEntities.Spider.move(Spider.java:36) at dungeonmania.DungeonManiaController.tick(DungeonManiaController.java:170) at dungeonmania.controllerTest.Utils.tick(Utils.java:22) at dungeonmania.controllerTest.ZombieTest.testZombiesHaveArmour(ZombieTest.java:77) FAILURE DONE 1 test completed, 1 failed FAILURE: Build failed with an exception. README.md assumptions.md build build.gradle design.pdf gradle gradlew gradlew.bat planning.pdf src What went wrong: Execution failed for task ':test'. > There were failing tests. See the report at: file:///Users/braedonwooding/project-automarking/t09b_brioche/build/reports/tests/test/index.html README.md assumptions.md build build.gradle design.pdf gradle gradlew gradlew.bat planning.pdf src Try: Run with --stacktrace option to get the stack trace. Run with --info or --debug option to get more log output. Run with --scan to get full insights. README.md assumptions.md build build.gradle design.pdf gradle gradlew gradlew.bat planning.pdf src Get more help at https://help.gradle.org BUILD FAILED in 5s
Test 2-4
ZombieTest > ZombieSpawnerTest > Testing zombie spawners spawn zombies every 20 ticks FAILED org.opentest4j.AssertionFailedError: expected: <true> but was: <false> at org.junit.jupiter.api.AssertionUtils.fail(AssertionUtils.java:55) at org.junit.jupiter.api.AssertTrue.assertTrue(AssertTrue.java:40) at org.junit.jupiter.api.AssertTrue.assertTrue(AssertTrue.java:35) at org.junit.jupiter.api.Assertions.assertTrue(Assertions.java:179) at dungeonmania.controllerTest.ZombieTest$ZombieSpawnerTest.testZombieSpawning(ZombieTest.java:109) FAILURE DONE 1 test completed, 1 failed FAILURE: Build failed with an exception. README.md assumptions.md build build.gradle design.pdf gradle gradlew gradlew.bat planning.pdf src What went wrong: Execution failed for task ':test'. > There were failing tests. See the report at: file:///Users/braedonwooding/project-automarking/t09b_brioche/build/reports/tests/test/index.html README.md assumptions.md build build.gradle design.pdf gradle gradlew gradlew.bat planning.pdf src Try: Run with --stacktrace option to get the stack trace. Run with --info or --debug option to get more log output. Run with --scan to get full insights. README.md assumptions.md build build.gradle design.pdf gradle gradlew gradlew.bat planning.pdf src Get more help at https://help.gradle.org BUILD FAILED in 5s
Test 2-5
SUCCESS DONE
Test 3-1
MercenaryTest > 3-1 Test mercenary spawning FAILED org.opentest4j.AssertionFailedError: expected: <true> but was: <false> at org.junit.jupiter.api.AssertionUtils.fail(AssertionUtils.java:55) at org.junit.jupiter.api.AssertTrue.assertTrue(AssertTrue.java:40) at org.junit.jupiter.api.AssertTrue.assertTrue(AssertTrue.java:35) at org.junit.jupiter.api.Assertions.assertTrue(Assertions.java:179) at dungeonmania.controllerTest.MercenaryTest.testMercenarySpawning(MercenaryTest.java:42) FAILURE DONE 1 test completed, 1 failed FAILURE: Build failed with an exception. README.md assumptions.md build build.gradle design.pdf gradle gradlew gradlew.bat planning.pdf src What went wrong: Execution failed for task ':test'. > There were failing tests. See the report at: file:///Users/braedonwooding/project-automarking/t09b_brioche/build/reports/tests/test/index.html README.md assumptions.md build build.gradle design.pdf gradle gradlew gradlew.bat planning.pdf src Try: Run with --stacktrace option to get the stack trace. Run with --info or --debug option to get more log output. Run with --scan to get full insights. README.md assumptions.md build build.gradle design.pdf gradle gradlew gradlew.bat planning.pdf src Get more help at https://help.gradle.org BUILD FAILED in 5s
Test 3-2
SUCCESS DONE
Test 3-3
MercenaryTest > Testing bribing a mercenary ensures there is no battle FAILED java.lang.NullPointerException: Cannot invoke "java.util.List.isEmpty()" because the return value of "java.util.Map.get(Object)" is null at dungeonmania.MovingEntities.Mercenary.canPass(Mercenary.java:82) at dungeonmania.MovingEntities.MercenaryEnemyState.moveDefault(MercenaryEnemyState.java:64) at dungeonmania.MovingEntities.MercenaryEnemyState.move(MercenaryEnemyState.java:44) at dungeonmania.MovingEntities.Mercenary.move(Mercenary.java:74) at dungeonmania.DungeonManiaController.tick(DungeonManiaController.java:170) at dungeonmania.controllerTest.Utils.tick(Utils.java:20) at dungeonmania.controllerTest.MercenaryTest.testMercenaryBribing(MercenaryTest.java:75) FAILURE DONE 1 test completed, 1 failed FAILURE: Build failed with an exception. README.md assumptions.md build build.gradle design.pdf gradle gradlew gradlew.bat planning.pdf src What went wrong: Execution failed for task ':test'. > There were failing tests. See the report at: file:///Users/braedonwooding/project-automarking/t09b_brioche/build/reports/tests/test/index.html README.md assumptions.md build build.gradle design.pdf gradle gradlew gradlew.bat planning.pdf src Try: Run with --stacktrace option to get the stack trace. Run with --info or --debug option to get more log output. Run with --scan to get full insights. README.md assumptions.md build build.gradle design.pdf gradle gradlew gradlew.bat planning.pdf src Get more help at https://help.gradle.org BUILD FAILED in 4s
Test 3-4
SUCCESS DONE
Test 4-1
CollectablesTest > 4-1 Testing picking up all types of collectables FAILED java.lang.RuntimeException: Failed to create a new game due to multiple exceptions. Will report both exceptions after each other (the stack traces will occur after one and another). The first exception was with lowercase gamemode and second was with upper camel case gamemode (i.e. Standard) ==First== NullPointerException: Cannot invoke "java.util.List.add(Object)" because the return value of "java.util.Map.get(Object)" is null ==Second== NullPointerException: Cannot invoke "java.util.List.add(Object)" because the return value of "java.util.Map.get(Object)" is null at dungeonmania.gamemap.GameMap.jsonToMap(GameMap.java:242) at dungeonmania.gamemap.GameMap.<init>(GameMap.java:56) at dungeonmania.DungeonManiaController.newGame(DungeonManiaController.java:102) at dungeonmania.controllerTest.Utils.newGame(Utils.java:30) at dungeonmania.controllerTest.CollectablesTest.testCollectablePickup(CollectablesTest.java:26) at java.base/jdk.internal.reflect.NativeMethodAccessorImpl.invoke0(Native Method) at java.base/jdk.internal.reflect.NativeMethodAccessorImpl.invoke(NativeMethodAccessorImpl.java:64) at java.base/jdk.internal.reflect.DelegatingMethodAccessorImpl.invoke(DelegatingMethodAccessorImpl.java:43) at java.base/java.lang.reflect.Method.invoke(Method.java:564) at org.junit.platform.commons.util.ReflectionUtils.invokeMethod(ReflectionUtils.java:725) at org.junit.jupiter.engine.execution.MethodInvocation.proceed(MethodInvocation.java:60) at org.junit.jupiter.engine.execution.InvocationInterceptorChain$ValidatingInvocation.proceed(InvocationInterceptorChain.java:131) at org.junit.jupiter.engine.extension.TimeoutInvocation.proceed(TimeoutInvocation.java:46) at org.junit.jupiter.engine.extension.TimeoutExtension.intercept(TimeoutExtension.java:149) at org.junit.jupiter.engine.extension.TimeoutExtension.interceptTestableMethod(TimeoutExtension.java:140) at org.junit.jupiter.engine.extension.TimeoutExtension.interceptTestMethod(TimeoutExtension.java:84) at org.junit.jupiter.engine.execution.ExecutableInvoker$ReflectiveInterceptorCall.lambda$ofVoidMethod$0(ExecutableInvoker.java:115) at org.junit.jupiter.engine.execution.ExecutableInvoker.lambda$invoke$0(ExecutableInvoker.java:105) at org.junit.jupiter.engine.execution.InvocationInterceptorChain$InterceptedInvocation.proceed(InvocationInterceptorChain.java:106) at org.junit.jupiter.engine.execution.InvocationInterceptorChain.proceed(InvocationInterceptorChain.java:64) at org.junit.jupiter.engine.execution.InvocationInterceptorChain.chainAndInvoke(InvocationInterceptorChain.java:45) at org.junit.jupiter.engine.execution.InvocationInterceptorChain.invoke(InvocationInterceptorChain.java:37) at org.junit.jupiter.engine.execution.ExecutableInvoker.invoke(ExecutableInvoker.java:104) at org.junit.jupiter.engine.execution.ExecutableInvoker.invoke(ExecutableInvoker.java:98) at org.junit.jupiter.engine.descriptor.TestMethodTestDescriptor.lambda$invokeTestMethod$7(TestMethodTestDescriptor.java:214) at org.junit.platform.engine.support.hierarchical.ThrowableCollector.execute(ThrowableCollector.java:73) at org.junit.jupiter.engine.descriptor.TestMethodTestDescriptor.invokeTestMethod(TestMethodTestDescriptor.java:210) at org.junit.jupiter.engine.descriptor.TestMethodTestDescriptor.execute(TestMethodTestDescriptor.java:135) at org.junit.jupiter.engine.descriptor.TestMethodTestDescriptor.execute(TestMethodTestDescriptor.java:66) at org.junit.platform.engine.support.hierarchical.NodeTestTask.lambda$executeRecursively$6(NodeTestTask.java:151) at org.junit.platform.engine.support.hierarchical.ThrowableCollector.execute(ThrowableCollector.java:73) at org.junit.platform.engine.support.hierarchical.NodeTestTask.lambda$executeRecursively$8(NodeTestTask.java:141) at org.junit.platform.engine.support.hierarchical.Node.around(Node.java:137) at org.junit.platform.engine.support.hierarchical.NodeTestTask.lambda$executeRecursively$9(NodeTestTask.java:139) at org.junit.platform.engine.support.hierarchical.ThrowableCollector.execute(ThrowableCollector.java:73) at org.junit.platform.engine.support.hierarchical.NodeTestTask.executeRecursively(NodeTestTask.java:138) at org.junit.platform.engine.support.hierarchical.NodeTestTask.execute(NodeTestTask.java:95) at java.base/java.util.ArrayList.forEach(ArrayList.java:1511) at org.junit.platform.engine.support.hierarchical.SameThreadHierarchicalTestExecutorService.invokeAll(SameThreadHierarchicalTestExecutorService.java:41) at org.junit.platform.engine.support.hierarchical.NodeTestTask.lambda$executeRecursively$6(NodeTestTask.java:155) at org.junit.platform.engine.support.hierarchical.ThrowableCollector.execute(ThrowableCollector.java:73) at org.junit.platform.engine.support.hierarchical.NodeTestTask.lambda$executeRecursively$8(NodeTestTask.java:141) at org.junit.platform.engine.support.hierarchical.Node.around(Node.java:137) at org.junit.platform.engine.support.hierarchical.NodeTestTask.lambda$executeRecursively$9(NodeTestTask.java:139) at org.junit.platform.engine.support.hierarchical.ThrowableCollector.execute(ThrowableCollector.java:73) at org.junit.platform.engine.support.hierarchical.NodeTestTask.executeRecursively(NodeTestTask.java:138) at org.junit.platform.engine.support.hierarchical.NodeTestTask.execute(NodeTestTask.java:95) at java.base/java.util.ArrayList.forEach(ArrayList.java:1511) at org.junit.platform.engine.support.hierarchical.SameThreadHierarchicalTestExecutorService.invokeAll(SameThreadHierarchicalTestExecutorService.java:41) at org.junit.platform.engine.support.hierarchical.NodeTestTask.lambda$executeRecursively$6(NodeTestTask.java:155) at org.junit.platform.engine.support.hierarchical.ThrowableCollector.execute(ThrowableCollector.java:73) at org.junit.platform.engine.support.hierarchical.NodeTestTask.lambda$executeRecursively$8(NodeTestTask.java:141) at org.junit.platform.engine.support.hierarchical.Node.around(Node.java:137) at org.junit.platform.engine.support.hierarchical.NodeTestTask.lambda$executeRecursively$9(NodeTestTask.java:139) at org.junit.platform.engine.support.hierarchical.ThrowableCollector.execute(ThrowableCollector.java:73) at org.junit.platform.engine.support.hierarchical.NodeTestTask.executeRecursively(NodeTestTask.java:138) at org.junit.platform.engine.support.hierarchical.NodeTestTask.execute(NodeTestTask.java:95) at org.junit.platform.engine.support.hierarchical.SameThreadHierarchicalTestExecutorService.submit(SameThreadHierarchicalTestExecutorService.java:35) at org.junit.platform.engine.support.hierarchical.HierarchicalTestExecutor.execute(HierarchicalTestExecutor.java:57) at org.junit.platform.engine.support.hierarchical.HierarchicalTestEngine.execute(HierarchicalTestEngine.java:54) at org.junit.platform.launcher.core.EngineExecutionOrchestrator.execute(EngineExecutionOrchestrator.java:108) at org.junit.platform.launcher.core.EngineExecutionOrchestrator.execute(EngineExecutionOrchestrator.java:88) at org.junit.platform.launcher.core.EngineExecutionOrchestrator.lambda$execute$0(EngineExecutionOrchestrator.java:54) at org.junit.platform.launcher.core.EngineExecutionOrchestrator.withInterceptedStreams(EngineExecutionOrchestrator.java:67) at org.junit.platform.launcher.core.EngineExecutionOrchestrator.execute(EngineExecutionOrchestrator.java:52) at org.junit.platform.launcher.core.DefaultLauncher.execute(DefaultLauncher.java:96) at org.junit.platform.launcher.core.DefaultLauncher.execute(DefaultLauncher.java:75) at org.gradle.api.internal.tasks.testing.junitplatform.JUnitPlatformTestClassProcessor$CollectAllTestClassesExecutor.processAllTestClasses(JUnitPlatformTestClassProcessor.java:99) at org.gradle.api.internal.tasks.testing.junitplatform.JUnitPlatformTestClassProcessor$CollectAllTestClassesExecutor.access$000(JUnitPlatformTestClassProcessor.java:79) at org.gradle.api.internal.tasks.testing.junitplatform.JUnitPlatformTestClassProcessor.stop(JUnitPlatformTestClassProcessor.java:75) at org.gradle.api.internal.tasks.testing.SuiteTestClassProcessor.stop(SuiteTestClassProcessor.java:61) at java.base/jdk.internal.reflect.NativeMethodAccessorImpl.invoke0(Native Method) at java.base/jdk.internal.reflect.NativeMethodAccessorImpl.invoke(NativeMethodAccessorImpl.java:64) at java.base/jdk.internal.reflect.DelegatingMethodAccessorImpl.invoke(DelegatingMethodAccessorImpl.java:43) at java.base/java.lang.reflect.Method.invoke(Method.java:564) at org.gradle.internal.dispatch.ReflectionDispatch.dispatch(ReflectionDispatch.java:36) at org.gradle.internal.dispatch.ReflectionDispatch.dispatch(ReflectionDispatch.java:24) at org.gradle.internal.dispatch.ContextClassLoaderDispatch.dispatch(ContextClassLoaderDispatch.java:33) at org.gradle.internal.dispatch.ProxyDispatchAdapter$DispatchingInvocationHandler.invoke(ProxyDispatchAdapter.java:94) at com.sun.proxy.$Proxy2.stop(Unknown Source) at org.gradle.api.internal.tasks.testing.worker.TestWorker.stop(TestWorker.java:135) at java.base/jdk.internal.reflect.NativeMethodAccessorImpl.invoke0(Native Method) at java.base/jdk.internal.reflect.NativeMethodAccessorImpl.invoke(NativeMethodAccessorImpl.java:64) at java.base/jdk.internal.reflect.DelegatingMethodAccessorImpl.invoke(DelegatingMethodAccessorImpl.java:43) at java.base/java.lang.reflect.Method.invoke(Method.java:564) at org.gradle.internal.dispatch.ReflectionDispatch.dispatch(ReflectionDispatch.java:36) at org.gradle.internal.dispatch.ReflectionDispatch.dispatch(ReflectionDispatch.java:24) at org.gradle.internal.remote.internal.hub.MessageHubBackedObjectConnection$DispatchWrapper.dispatch(MessageHubBackedObjectConnection.java:182) at org.gradle.internal.remote.internal.hub.MessageHubBackedObjectConnection$DispatchWrapper.dispatch(MessageHubBackedObjectConnection.java:164) at org.gradle.internal.remote.internal.hub.MessageHub$Handler.run(MessageHub.java:414) at org.gradle.internal.concurrent.ExecutorPolicy$CatchAndRecordFailures.onExecute(ExecutorPolicy.java:64) at org.gradle.internal.concurrent.ManagedExecutorImpl$1.run(ManagedExecutorImpl.java:48) at java.base/java.util.concurrent.ThreadPoolExecutor.runWorker(ThreadPoolExecutor.java:1130) at java.base/java.util.concurrent.ThreadPoolExecutor$Worker.run(ThreadPoolExecutor.java:630) at org.gradle.internal.concurrent.ThreadFactoryImpl$ManagedThreadRunnable.run(ThreadFactoryImpl.java:56) at java.base/java.lang.Thread.run(Thread.java:832) at ══════════════════════════.==Second==() at dungeonmania.gamemap.GameMap.jsonToMap(GameMap.java:242) at dungeonmania.gamemap.GameMap.<init>(GameMap.java:56) at dungeonmania.DungeonManiaController.newGame(DungeonManiaController.java:102) at dungeonmania.controllerTest.Utils.newGame(Utils.java:37) at dungeonmania.controllerTest.CollectablesTest.testCollectablePickup(CollectablesTest.java:26) FAILURE DONE 1 test completed, 1 failed FAILURE: Build failed with an exception. README.md assumptions.md build build.gradle design.pdf gradle gradlew gradlew.bat planning.pdf src What went wrong: Execution failed for task ':test'. > There were failing tests. See the report at: file:///Users/braedonwooding/project-automarking/t09b_brioche/build/reports/tests/test/index.html README.md assumptions.md build build.gradle design.pdf gradle gradlew gradlew.bat planning.pdf src Try: Run with --stacktrace option to get the stack trace. Run with --info or --debug option to get more log output. Run with --scan to get full insights. README.md assumptions.md build build.gradle design.pdf gradle gradlew gradlew.bat planning.pdf src Get more help at https://help.gradle.org BUILD FAILED in 5s
Test 4-2
SUCCESS DONE
Test 4-3
SUCCESS DONE
Test 4-4
SUCCESS DONE
Test 5-1
PortalsTest > 5-1 Test portals work both ways FAILED java.lang.NullPointerException: Cannot invoke "java.util.List.size()" because "entities" is null at dungeonmania.MovingEntities.Player.canPass(Player.java:94) at dungeonmania.MovingEntities.Player.canTeleport(Player.java:130) at dungeonmania.MovingEntities.Player.move(Player.java:79) at dungeonmania.DungeonManiaController.tick(DungeonManiaController.java:158) at dungeonmania.controllerTest.Utils.tick(Utils.java:20) at dungeonmania.controllerTest.PortalsTest.testTeleportationBothWays(PortalsTest.java:39) FAILURE DONE 1 test completed, 1 failed FAILURE: Build failed with an exception. README.md assumptions.md build build.gradle design.pdf gradle gradlew gradlew.bat planning.pdf src What went wrong: Execution failed for task ':test'. > There were failing tests. See the report at: file:///Users/braedonwooding/project-automarking/t09b_brioche/build/reports/tests/test/index.html README.md assumptions.md build build.gradle design.pdf gradle gradlew gradlew.bat planning.pdf src Try: Run with --stacktrace option to get the stack trace. Run with --info or --debug option to get more log output. Run with --scan to get full insights. README.md assumptions.md build build.gradle design.pdf gradle gradlew gradlew.bat planning.pdf src Get more help at https://help.gradle.org BUILD FAILED in 5s
Test 5-2
PortalsTest > 5-2 Test player cannot teleport into a wall FAILED java.lang.RuntimeException: Failed to create a new game due to multiple exceptions. Will report both exceptions after each other (the stack traces will occur after one and another). The first exception was with lowercase gamemode and second was with upper camel case gamemode (i.e. Standard) ==First== NullPointerException: Cannot invoke "com.google.gson.JsonElement.getAsInt()" because the return value of "com.google.gson.JsonObject.get(String)" is null ==Second== NullPointerException: Cannot invoke "com.google.gson.JsonElement.getAsInt()" because the return value of "com.google.gson.JsonObject.get(String)" is null at dungeonmania.gamemap.GameMap.jsonToMap(GameMap.java:223) at dungeonmania.gamemap.GameMap.<init>(GameMap.java:56) at dungeonmania.DungeonManiaController.newGame(DungeonManiaController.java:102) at dungeonmania.controllerTest.Utils.newGame(Utils.java:30) at dungeonmania.controllerTest.PortalsTest.testCannotTeleportIntoWall(PortalsTest.java:62) at java.base/jdk.internal.reflect.NativeMethodAccessorImpl.invoke0(Native Method) at java.base/jdk.internal.reflect.NativeMethodAccessorImpl.invoke(NativeMethodAccessorImpl.java:64) at java.base/jdk.internal.reflect.DelegatingMethodAccessorImpl.invoke(DelegatingMethodAccessorImpl.java:43) at java.base/java.lang.reflect.Method.invoke(Method.java:564) at org.junit.platform.commons.util.ReflectionUtils.invokeMethod(ReflectionUtils.java:725) at org.junit.jupiter.engine.execution.MethodInvocation.proceed(MethodInvocation.java:60) at org.junit.jupiter.engine.execution.InvocationInterceptorChain$ValidatingInvocation.proceed(InvocationInterceptorChain.java:131) at org.junit.jupiter.engine.extension.TimeoutInvocation.proceed(TimeoutInvocation.java:46) at org.junit.jupiter.engine.extension.TimeoutExtension.intercept(TimeoutExtension.java:149) at org.junit.jupiter.engine.extension.TimeoutExtension.interceptTestableMethod(TimeoutExtension.java:140) at org.junit.jupiter.engine.extension.TimeoutExtension.interceptTestMethod(TimeoutExtension.java:84) at org.junit.jupiter.engine.execution.ExecutableInvoker$ReflectiveInterceptorCall.lambda$ofVoidMethod$0(ExecutableInvoker.java:115) at org.junit.jupiter.engine.execution.ExecutableInvoker.lambda$invoke$0(ExecutableInvoker.java:105) at org.junit.jupiter.engine.execution.InvocationInterceptorChain$InterceptedInvocation.proceed(InvocationInterceptorChain.java:106) at org.junit.jupiter.engine.execution.InvocationInterceptorChain.proceed(InvocationInterceptorChain.java:64) at org.junit.jupiter.engine.execution.InvocationInterceptorChain.chainAndInvoke(InvocationInterceptorChain.java:45) at org.junit.jupiter.engine.execution.InvocationInterceptorChain.invoke(InvocationInterceptorChain.java:37) at org.junit.jupiter.engine.execution.ExecutableInvoker.invoke(ExecutableInvoker.java:104) at org.junit.jupiter.engine.execution.ExecutableInvoker.invoke(ExecutableInvoker.java:98) at org.junit.jupiter.engine.descriptor.TestMethodTestDescriptor.lambda$invokeTestMethod$7(TestMethodTestDescriptor.java:214) at org.junit.platform.engine.support.hierarchical.ThrowableCollector.execute(ThrowableCollector.java:73) at org.junit.jupiter.engine.descriptor.TestMethodTestDescriptor.invokeTestMethod(TestMethodTestDescriptor.java:210) at org.junit.jupiter.engine.descriptor.TestMethodTestDescriptor.execute(TestMethodTestDescriptor.java:135) at org.junit.jupiter.engine.descriptor.TestMethodTestDescriptor.execute(TestMethodTestDescriptor.java:66) at org.junit.platform.engine.support.hierarchical.NodeTestTask.lambda$executeRecursively$6(NodeTestTask.java:151) at org.junit.platform.engine.support.hierarchical.ThrowableCollector.execute(ThrowableCollector.java:73) at org.junit.platform.engine.support.hierarchical.NodeTestTask.lambda$executeRecursively$8(NodeTestTask.java:141) at org.junit.platform.engine.support.hierarchical.Node.around(Node.java:137) at org.junit.platform.engine.support.hierarchical.NodeTestTask.lambda$executeRecursively$9(NodeTestTask.java:139) at org.junit.platform.engine.support.hierarchical.ThrowableCollector.execute(ThrowableCollector.java:73) at org.junit.platform.engine.support.hierarchical.NodeTestTask.executeRecursively(NodeTestTask.java:138) at org.junit.platform.engine.support.hierarchical.NodeTestTask.execute(NodeTestTask.java:95) at java.base/java.util.ArrayList.forEach(ArrayList.java:1511) at org.junit.platform.engine.support.hierarchical.SameThreadHierarchicalTestExecutorService.invokeAll(SameThreadHierarchicalTestExecutorService.java:41) at org.junit.platform.engine.support.hierarchical.NodeTestTask.lambda$executeRecursively$6(NodeTestTask.java:155) at org.junit.platform.engine.support.hierarchical.ThrowableCollector.execute(ThrowableCollector.java:73) at org.junit.platform.engine.support.hierarchical.NodeTestTask.lambda$executeRecursively$8(NodeTestTask.java:141) at org.junit.platform.engine.support.hierarchical.Node.around(Node.java:137) at org.junit.platform.engine.support.hierarchical.NodeTestTask.lambda$executeRecursively$9(NodeTestTask.java:139) at org.junit.platform.engine.support.hierarchical.ThrowableCollector.execute(ThrowableCollector.java:73) at org.junit.platform.engine.support.hierarchical.NodeTestTask.executeRecursively(NodeTestTask.java:138) at org.junit.platform.engine.support.hierarchical.NodeTestTask.execute(NodeTestTask.java:95) at java.base/java.util.ArrayList.forEach(ArrayList.java:1511) at org.junit.platform.engine.support.hierarchical.SameThreadHierarchicalTestExecutorService.invokeAll(SameThreadHierarchicalTestExecutorService.java:41) at org.junit.platform.engine.support.hierarchical.NodeTestTask.lambda$executeRecursively$6(NodeTestTask.java:155) at org.junit.platform.engine.support.hierarchical.ThrowableCollector.execute(ThrowableCollector.java:73) at org.junit.platform.engine.support.hierarchical.NodeTestTask.lambda$executeRecursively$8(NodeTestTask.java:141) at org.junit.platform.engine.support.hierarchical.Node.around(Node.java:137) at org.junit.platform.engine.support.hierarchical.NodeTestTask.lambda$executeRecursively$9(NodeTestTask.java:139) at org.junit.platform.engine.support.hierarchical.ThrowableCollector.execute(ThrowableCollector.java:73) at org.junit.platform.engine.support.hierarchical.NodeTestTask.executeRecursively(NodeTestTask.java:138) at org.junit.platform.engine.support.hierarchical.NodeTestTask.execute(NodeTestTask.java:95) at org.junit.platform.engine.support.hierarchical.SameThreadHierarchicalTestExecutorService.submit(SameThreadHierarchicalTestExecutorService.java:35) at org.junit.platform.engine.support.hierarchical.HierarchicalTestExecutor.execute(HierarchicalTestExecutor.java:57) at org.junit.platform.engine.support.hierarchical.HierarchicalTestEngine.execute(HierarchicalTestEngine.java:54) at org.junit.platform.launcher.core.EngineExecutionOrchestrator.execute(EngineExecutionOrchestrator.java:108) at org.junit.platform.launcher.core.EngineExecutionOrchestrator.execute(EngineExecutionOrchestrator.java:88) at org.junit.platform.launcher.core.EngineExecutionOrchestrator.lambda$execute$0(EngineExecutionOrchestrator.java:54) at org.junit.platform.launcher.core.EngineExecutionOrchestrator.withInterceptedStreams(EngineExecutionOrchestrator.java:67) at org.junit.platform.launcher.core.EngineExecutionOrchestrator.execute(EngineExecutionOrchestrator.java:52) at org.junit.platform.launcher.core.DefaultLauncher.execute(DefaultLauncher.java:96) at org.junit.platform.launcher.core.DefaultLauncher.execute(DefaultLauncher.java:75) at org.gradle.api.internal.tasks.testing.junitplatform.JUnitPlatformTestClassProcessor$CollectAllTestClassesExecutor.processAllTestClasses(JUnitPlatformTestClassProcessor.java:99) at org.gradle.api.internal.tasks.testing.junitplatform.JUnitPlatformTestClassProcessor$CollectAllTestClassesExecutor.access$000(JUnitPlatformTestClassProcessor.java:79) at org.gradle.api.internal.tasks.testing.junitplatform.JUnitPlatformTestClassProcessor.stop(JUnitPlatformTestClassProcessor.java:75) at org.gradle.api.internal.tasks.testing.SuiteTestClassProcessor.stop(SuiteTestClassProcessor.java:61) at java.base/jdk.internal.reflect.NativeMethodAccessorImpl.invoke0(Native Method) at java.base/jdk.internal.reflect.NativeMethodAccessorImpl.invoke(NativeMethodAccessorImpl.java:64) at java.base/jdk.internal.reflect.DelegatingMethodAccessorImpl.invoke(DelegatingMethodAccessorImpl.java:43) at java.base/java.lang.reflect.Method.invoke(Method.java:564) at org.gradle.internal.dispatch.ReflectionDispatch.dispatch(ReflectionDispatch.java:36) at org.gradle.internal.dispatch.ReflectionDispatch.dispatch(ReflectionDispatch.java:24) at org.gradle.internal.dispatch.ContextClassLoaderDispatch.dispatch(ContextClassLoaderDispatch.java:33) at org.gradle.internal.dispatch.ProxyDispatchAdapter$DispatchingInvocationHandler.invoke(ProxyDispatchAdapter.java:94) at com.sun.proxy.$Proxy2.stop(Unknown Source) at org.gradle.api.internal.tasks.testing.worker.TestWorker.stop(TestWorker.java:135) at java.base/jdk.internal.reflect.NativeMethodAccessorImpl.invoke0(Native Method) at java.base/jdk.internal.reflect.NativeMethodAccessorImpl.invoke(NativeMethodAccessorImpl.java:64) at java.base/jdk.internal.reflect.DelegatingMethodAccessorImpl.invoke(DelegatingMethodAccessorImpl.java:43) at java.base/java.lang.reflect.Method.invoke(Method.java:564) at org.gradle.internal.dispatch.ReflectionDispatch.dispatch(ReflectionDispatch.java:36) at org.gradle.internal.dispatch.ReflectionDispatch.dispatch(ReflectionDispatch.java:24) at org.gradle.internal.remote.internal.hub.MessageHubBackedObjectConnection$DispatchWrapper.dispatch(MessageHubBackedObjectConnection.java:182) at org.gradle.internal.remote.internal.hub.MessageHubBackedObjectConnection$DispatchWrapper.dispatch(MessageHubBackedObjectConnection.java:164) at org.gradle.internal.remote.internal.hub.MessageHub$Handler.run(MessageHub.java:414) at org.gradle.internal.concurrent.ExecutorPolicy$CatchAndRecordFailures.onExecute(ExecutorPolicy.java:64) at org.gradle.internal.concurrent.ManagedExecutorImpl$1.run(ManagedExecutorImpl.java:48) at java.base/java.util.concurrent.ThreadPoolExecutor.runWorker(ThreadPoolExecutor.java:1130) at java.base/java.util.concurrent.ThreadPoolExecutor$Worker.run(ThreadPoolExecutor.java:630) at org.gradle.internal.concurrent.ThreadFactoryImpl$ManagedThreadRunnable.run(ThreadFactoryImpl.java:56) at java.base/java.lang.Thread.run(Thread.java:832) at ══════════════════════════.==Second==() at dungeonmania.gamemap.GameMap.jsonToMap(GameMap.java:223) at dungeonmania.gamemap.GameMap.<init>(GameMap.java:56) at dungeonmania.DungeonManiaController.newGame(DungeonManiaController.java:102) at dungeonmania.controllerTest.Utils.newGame(Utils.java:37) at dungeonmania.controllerTest.PortalsTest.testCannotTeleportIntoWall(PortalsTest.java:62) FAILURE DONE 1 test completed, 1 failed FAILURE: Build failed with an exception. README.md assumptions.md build build.gradle design.pdf gradle gradlew gradlew.bat planning.pdf src What went wrong: Execution failed for task ':test'. > There were failing tests. See the report at: file:///Users/braedonwooding/project-automarking/t09b_brioche/build/reports/tests/test/index.html README.md assumptions.md build build.gradle design.pdf gradle gradlew gradlew.bat planning.pdf src Try: Run with --stacktrace option to get the stack trace. Run with --info or --debug option to get more log output. Run with --scan to get full insights. README.md assumptions.md build build.gradle design.pdf gradle gradlew gradlew.bat planning.pdf src Get more help at https://help.gradle.org BUILD FAILED in 3s
Test 6-1
SpiderTest > 6-1 Test basic movement of spiders FAILED java.lang.NullPointerException: Cannot invoke "java.util.List.size()" because "entities" is null at dungeonmania.MovingEntities.Player.canPass(Player.java:94) at dungeonmania.MovingEntities.Player.move(Player.java:60) at dungeonmania.DungeonManiaController.tick(DungeonManiaController.java:158) at dungeonmania.controllerTest.Utils.tick(Utils.java:20) at dungeonmania.controllerTest.SpiderTest.testSpiderBasicMovement(SpiderTest.java:56) FAILURE DONE 1 test completed, 1 failed FAILURE: Build failed with an exception. README.md assumptions.md build build.gradle design.pdf gradle gradlew gradlew.bat planning.pdf src What went wrong: Execution failed for task ':test'. > There were failing tests. See the report at: file:///Users/braedonwooding/project-automarking/t09b_brioche/build/reports/tests/test/index.html README.md assumptions.md build build.gradle design.pdf gradle gradlew gradlew.bat planning.pdf src Try: Run with --stacktrace option to get the stack trace. Run with --info or --debug option to get more log output. Run with --scan to get full insights. README.md assumptions.md build build.gradle design.pdf gradle gradlew gradlew.bat planning.pdf src Get more help at https://help.gradle.org BUILD FAILED in 4s
Test 6-2
SUCCESS DONE
Test 6-3
SUCCESS DONE
Test 6-4
SpiderTest > 6-4 Test spiders can move through closed doors FAILED java.lang.NullPointerException: Cannot invoke "java.util.List.size()" because "entities" is null at dungeonmania.MovingEntities.Player.canPass(Player.java:94) at dungeonmania.MovingEntities.Player.move(Player.java:60) at dungeonmania.DungeonManiaController.tick(DungeonManiaController.java:158) at dungeonmania.controllerTest.Utils.tick(Utils.java:20) at dungeonmania.controllerTest.SpiderTest.testSpiderCanMoveThroughClosedDoor(SpiderTest.java:158) FAILURE DONE 1 test completed, 1 failed FAILURE: Build failed with an exception. README.md assumptions.md build build.gradle design.pdf gradle gradlew gradlew.bat planning.pdf src What went wrong: Execution failed for task ':test'. > There were failing tests. See the report at: file:///Users/braedonwooding/project-automarking/t09b_brioche/build/reports/tests/test/index.html README.md assumptions.md build build.gradle design.pdf gradle gradlew gradlew.bat planning.pdf src Try: Run with --stacktrace option to get the stack trace. Run with --info or --debug option to get more log output. Run with --scan to get full insights. README.md assumptions.md build build.gradle design.pdf gradle gradlew gradlew.bat planning.pdf src Get more help at https://help.gradle.org BUILD FAILED in 5s
Test 6-5
SpiderTest > 6-5 Test spiders cannot move through boulders FAILED java.lang.NullPointerException: Cannot invoke "java.util.List.size()" because "entities" is null at dungeonmania.MovingEntities.Player.canPass(Player.java:94) at dungeonmania.MovingEntities.Player.move(Player.java:60) at dungeonmania.DungeonManiaController.tick(DungeonManiaController.java:158) at dungeonmania.controllerTest.Utils.tick(Utils.java:20) at dungeonmania.controllerTest.SpiderTest.testSpiderBoulderInPath(SpiderTest.java:201) FAILURE DONE 1 test completed, 1 failed FAILURE: Build failed with an exception. README.md assumptions.md build build.gradle design.pdf gradle gradlew gradlew.bat planning.pdf src What went wrong: Execution failed for task ':test'. > There were failing tests. See the report at: file:///Users/braedonwooding/project-automarking/t09b_brioche/build/reports/tests/test/index.html README.md assumptions.md build build.gradle design.pdf gradle gradlew gradlew.bat planning.pdf src Try: Run with --stacktrace option to get the stack trace. Run with --info or --debug option to get more log output. Run with --scan to get full insights. README.md assumptions.md build build.gradle design.pdf gradle gradlew gradlew.bat planning.pdf src Get more help at https://help.gradle.org BUILD FAILED in 4s
Test 6-6
SpiderTest > 6-6 Test spider spawning reaches a mmaximum amount of spiders spawned FAILED java.lang.NullPointerException: Cannot invoke "java.util.List.size()" because "entities" is null at dungeonmania.MovingEntities.Player.canPass(Player.java:94) at dungeonmania.MovingEntities.Player.move(Player.java:60) at dungeonmania.DungeonManiaController.tick(DungeonManiaController.java:158) at dungeonmania.controllerTest.Utils.tick(Utils.java:20) at dungeonmania.controllerTest.SpiderTest.testSpiderMaxAmount(SpiderTest.java:221) FAILURE DONE 1 test completed, 1 failed FAILURE: Build failed with an exception. README.md assumptions.md build build.gradle design.pdf gradle gradlew gradlew.bat planning.pdf src What went wrong: Execution failed for task ':test'. > There were failing tests. See the report at: file:///Users/braedonwooding/project-automarking/t09b_brioche/build/reports/tests/test/index.html README.md assumptions.md build build.gradle design.pdf gradle gradlew gradlew.bat planning.pdf src Try: Run with --stacktrace option to get the stack trace. Run with --info or --debug option to get more log output. Run with --scan to get full insights. README.md assumptions.md build build.gradle design.pdf gradle gradlew gradlew.bat planning.pdf src Get more help at https://help.gradle.org BUILD FAILED in 4s
Test 7-1
SUCCESS DONE
Test 7-2
SUCCESS DONE
Test 7-3
SUCCESS DONE
Test 7-4
SUCCESS DONE
Test 7-5
SUCCESS DONE
Test 7-6
SUCCESS DONE
Test 7-7
SUCCESS DONE
Test 7-8
SUCCESS DONE
Test 7-9
SUCCESS DONE
Test 8-1
SUCCESS DONE
Test 8-2
SUCCESS DONE
Test 8-3
SUCCESS DONE
Test 8-4
MovementTest > 8-4 Test the player can move right FAILED org.opentest4j.AssertionFailedError: expected: <true> but was: <false> at org.junit.jupiter.api.AssertionUtils.fail(AssertionUtils.java:55) at org.junit.jupiter.api.AssertTrue.assertTrue(AssertTrue.java:40) at org.junit.jupiter.api.AssertTrue.assertTrue(AssertTrue.java:35) at org.junit.jupiter.api.Assertions.assertTrue(Assertions.java:179) at dungeonmania.controllerTest.MovementTest.testMovement(MovementTest.java:31) at dungeonmania.controllerTest.MovementTest.testMovementRight(MovementTest.java:63) FAILURE DONE 1 test completed, 1 failed FAILURE: Build failed with an exception. README.md assumptions.md build build.gradle design.pdf gradle gradlew gradlew.bat planning.pdf src What went wrong: Execution failed for task ':test'. > There were failing tests. See the report at: file:///Users/braedonwooding/project-automarking/t09b_brioche/build/reports/tests/test/index.html README.md assumptions.md build build.gradle design.pdf gradle gradlew gradlew.bat planning.pdf src Try: Run with --stacktrace option to get the stack trace. Run with --info or --debug option to get more log output. Run with --scan to get full insights. README.md assumptions.md build build.gradle design.pdf gradle gradlew gradlew.bat planning.pdf src Get more help at https://help.gradle.org BUILD FAILED in 4s
Test 9-1
SUCCESS DONE
Test 9-2
SUCCESS DONE
Test 9-3
SUCCESS DONE
Test 10-1
SUCCESS DONE
Test 10-2
SUCCESS DONE
Test 10-3
SUCCESS DONE
Test 10-4
SUCCESS DONE
Test 10-5
BombsTest > Test placing a bomb on a map cardinally adjacent to an active switch causes the bomb to detonate, removing surrounding entites except for the player FAILED java.lang.NullPointerException: Cannot invoke "java.util.List.stream()" because the return value of "java.util.Map.get(Object)" is null at dungeonmania.MovingEntities.Spider.move(Spider.java:36) at dungeonmania.DungeonManiaController.tick(DungeonManiaController.java:170) at dungeonmania.controllerTest.Utils.tick(Utils.java:22) at dungeonmania.controllerTest.BombsTest.testBombPlaceMapCardinallyAdjacentActiveSwitch(BombsTest.java:131) FAILURE DONE 1 test completed, 1 failed FAILURE: Build failed with an exception. README.md assumptions.md build build.gradle design.pdf gradle gradlew gradlew.bat planning.pdf src What went wrong: Execution failed for task ':test'. > There were failing tests. See the report at: file:///Users/braedonwooding/project-automarking/t09b_brioche/build/reports/tests/test/index.html README.md assumptions.md build build.gradle design.pdf gradle gradlew gradlew.bat planning.pdf src Try: Run with --stacktrace option to get the stack trace. Run with --info or --debug option to get more log output. Run with --scan to get full insights. README.md assumptions.md build build.gradle design.pdf gradle gradlew gradlew.bat planning.pdf src Get more help at https://help.gradle.org BUILD FAILED in 4s
Test 10-6
SUCCESS DONE
Test 10-7
SUCCESS DONE
Test 10-8
BombsTest > 10-8 Test placing a bomb diagonally adjacent to an inactive switch does not cause the bomb to explode FAILED org.opentest4j.AssertionFailedError: expected: <1> but was: <0> at org.junit.jupiter.api.AssertionUtils.fail(AssertionUtils.java:55) at org.junit.jupiter.api.AssertionUtils.failNotEqual(AssertionUtils.java:62) at org.junit.jupiter.api.AssertEquals.assertEquals(AssertEquals.java:150) at org.junit.jupiter.api.AssertEquals.assertEquals(AssertEquals.java:145) at org.junit.jupiter.api.Assertions.assertEquals(Assertions.java:527) at dungeonmania.controllerTest.BombsTest.testBombPlaceMapDiagonallyAdjacentInactiveSwitch(BombsTest.java:229) FAILURE DONE 1 test completed, 1 failed FAILURE: Build failed with an exception. README.md assumptions.md build build.gradle design.pdf gradle gradlew gradlew.bat planning.pdf src What went wrong: Execution failed for task ':test'. > There were failing tests. See the report at: file:///Users/braedonwooding/project-automarking/t09b_brioche/build/reports/tests/test/index.html README.md assumptions.md build build.gradle design.pdf gradle gradlew gradlew.bat planning.pdf src Try: Run with --stacktrace option to get the stack trace. Run with --info or --debug option to get more log output. Run with --scan to get full insights. README.md assumptions.md build build.gradle design.pdf gradle gradlew gradlew.bat planning.pdf src Get more help at https://help.gradle.org BUILD FAILED in 4s
Test 11-1
SUCCESS DONE
Test 11-2
SUCCESS DONE
Test 11-3
SUCCESS DONE
Test 12-1
SaveLoadTest > 12-1 Test saving and loading a simple maze map FAILED java.lang.IllegalArgumentException: File not found. at dungeonmania.gamemap.MapHelper.getSavedMap(MapHelper.java:45) at dungeonmania.gamemap.GameMap.<init>(GameMap.java:68) at dungeonmania.DungeonManiaController.loadGame(DungeonManiaController.java:128) at dungeonmania.controllerTest.SaveLoadTest.testMazeSave(SaveLoadTest.java:30) FAILURE DONE 1 test completed, 1 failed FAILURE: Build failed with an exception. README.md assumptions.md build build.gradle design.pdf gradle gradlew gradlew.bat planning.pdf src What went wrong: Execution failed for task ':test'. > There were failing tests. See the report at: file:///Users/braedonwooding/project-automarking/t09b_brioche/build/reports/tests/test/index.html README.md assumptions.md build build.gradle design.pdf gradle gradlew gradlew.bat planning.pdf src Try: Run with --stacktrace option to get the stack trace. Run with --info or --debug option to get more log output. Run with --scan to get full insights. README.md assumptions.md build build.gradle design.pdf gradle gradlew gradlew.bat planning.pdf src Get more help at https://help.gradle.org BUILD FAILED in 4s
Test 12-2
SaveLoadTest > 12-2 Test saving and loading a map with boulders and switches FAILED java.lang.IllegalArgumentException: File not found. at dungeonmania.gamemap.MapHelper.getSavedMap(MapHelper.java:45) at dungeonmania.gamemap.GameMap.<init>(GameMap.java:68) at dungeonmania.DungeonManiaController.loadGame(DungeonManiaController.java:128) at dungeonmania.controllerTest.SaveLoadTest.testBouldersSave(SaveLoadTest.java:50) FAILURE DONE 1 test completed, 1 failed FAILURE: Build failed with an exception. README.md assumptions.md build build.gradle design.pdf gradle gradlew gradlew.bat planning.pdf src What went wrong: Execution failed for task ':test'. > There were failing tests. See the report at: file:///Users/braedonwooding/project-automarking/t09b_brioche/build/reports/tests/test/index.html README.md assumptions.md build build.gradle design.pdf gradle gradlew gradlew.bat planning.pdf src Try: Run with --stacktrace option to get the stack trace. Run with --info or --debug option to get more log output. Run with --scan to get full insights. README.md assumptions.md build build.gradle design.pdf gradle gradlew gradlew.bat planning.pdf src Get more help at https://help.gradle.org BUILD FAILED in 4s
Test 12-3
SaveLoadTest > 12-3 Test saving and loading a map with enemies and collectables FAILED java.lang.IllegalArgumentException: File not found. at dungeonmania.gamemap.MapHelper.getSavedMap(MapHelper.java:45) at dungeonmania.gamemap.GameMap.<init>(GameMap.java:68) at dungeonmania.DungeonManiaController.loadGame(DungeonManiaController.java:128) at dungeonmania.controllerTest.SaveLoadTest.testAdvancedSave(SaveLoadTest.java:69) FAILURE DONE 1 test completed, 1 failed FAILURE: Build failed with an exception. README.md assumptions.md build build.gradle design.pdf gradle gradlew gradlew.bat planning.pdf src What went wrong: Execution failed for task ':test'. > There were failing tests. See the report at: file:///Users/braedonwooding/project-automarking/t09b_brioche/build/reports/tests/test/index.html README.md assumptions.md build build.gradle design.pdf gradle gradlew gradlew.bat planning.pdf src Try: Run with --stacktrace option to get the stack trace. Run with --info or --debug option to get more log output. Run with --scan to get full insights. README.md assumptions.md build build.gradle design.pdf gradle gradlew gradlew.bat planning.pdf src Get more help at https://help.gradle.org BUILD FAILED in 5s
Test 12-4
SaveLoadTest > 12-4 Test saving on a map containing all types of entities FAILED java.lang.RuntimeException: Failed to create a new game due to multiple exceptions. Will report both exceptions after each other (the stack traces will occur after one and another). The first exception was with lowercase gamemode and second was with upper camel case gamemode (i.e. Standard) ==First== NullPointerException: Cannot invoke "java.util.List.add(Object)" because the return value of "java.util.Map.get(Object)" is null ==Second== NullPointerException: Cannot invoke "java.util.List.add(Object)" because the return value of "java.util.Map.get(Object)" is null at dungeonmania.gamemap.GameMap.jsonToMap(GameMap.java:242) at dungeonmania.gamemap.GameMap.<init>(GameMap.java:56) at dungeonmania.DungeonManiaController.newGame(DungeonManiaController.java:102) at dungeonmania.controllerTest.Utils.newGame(Utils.java:30) at dungeonmania.controllerTest.SaveLoadTest.testSaveAllEntities(SaveLoadTest.java:80) at java.base/jdk.internal.reflect.NativeMethodAccessorImpl.invoke0(Native Method) at java.base/jdk.internal.reflect.NativeMethodAccessorImpl.invoke(NativeMethodAccessorImpl.java:64) at java.base/jdk.internal.reflect.DelegatingMethodAccessorImpl.invoke(DelegatingMethodAccessorImpl.java:43) at java.base/java.lang.reflect.Method.invoke(Method.java:564) at org.junit.platform.commons.util.ReflectionUtils.invokeMethod(ReflectionUtils.java:725) at org.junit.jupiter.engine.execution.MethodInvocation.proceed(MethodInvocation.java:60) at org.junit.jupiter.engine.execution.InvocationInterceptorChain$ValidatingInvocation.proceed(InvocationInterceptorChain.java:131) at org.junit.jupiter.engine.extension.TimeoutInvocation.proceed(TimeoutInvocation.java:46) at org.junit.jupiter.engine.extension.TimeoutExtension.intercept(TimeoutExtension.java:149) at org.junit.jupiter.engine.extension.TimeoutExtension.interceptTestableMethod(TimeoutExtension.java:140) at org.junit.jupiter.engine.extension.TimeoutExtension.interceptTestMethod(TimeoutExtension.java:84) at org.junit.jupiter.engine.execution.ExecutableInvoker$ReflectiveInterceptorCall.lambda$ofVoidMethod$0(ExecutableInvoker.java:115) at org.junit.jupiter.engine.execution.ExecutableInvoker.lambda$invoke$0(ExecutableInvoker.java:105) at org.junit.jupiter.engine.execution.InvocationInterceptorChain$InterceptedInvocation.proceed(InvocationInterceptorChain.java:106) at org.junit.jupiter.engine.execution.InvocationInterceptorChain.proceed(InvocationInterceptorChain.java:64) at org.junit.jupiter.engine.execution.InvocationInterceptorChain.chainAndInvoke(InvocationInterceptorChain.java:45) at org.junit.jupiter.engine.execution.InvocationInterceptorChain.invoke(InvocationInterceptorChain.java:37) at org.junit.jupiter.engine.execution.ExecutableInvoker.invoke(ExecutableInvoker.java:104) at org.junit.jupiter.engine.execution.ExecutableInvoker.invoke(ExecutableInvoker.java:98) at org.junit.jupiter.engine.descriptor.TestMethodTestDescriptor.lambda$invokeTestMethod$7(TestMethodTestDescriptor.java:214) at org.junit.platform.engine.support.hierarchical.ThrowableCollector.execute(ThrowableCollector.java:73) at org.junit.jupiter.engine.descriptor.TestMethodTestDescriptor.invokeTestMethod(TestMethodTestDescriptor.java:210) at org.junit.jupiter.engine.descriptor.TestMethodTestDescriptor.execute(TestMethodTestDescriptor.java:135) at org.junit.jupiter.engine.descriptor.TestMethodTestDescriptor.execute(TestMethodTestDescriptor.java:66) at org.junit.platform.engine.support.hierarchical.NodeTestTask.lambda$executeRecursively$6(NodeTestTask.java:151) at org.junit.platform.engine.support.hierarchical.ThrowableCollector.execute(ThrowableCollector.java:73) at org.junit.platform.engine.support.hierarchical.NodeTestTask.lambda$executeRecursively$8(NodeTestTask.java:141) at org.junit.platform.engine.support.hierarchical.Node.around(Node.java:137) at org.junit.platform.engine.support.hierarchical.NodeTestTask.lambda$executeRecursively$9(NodeTestTask.java:139) at org.junit.platform.engine.support.hierarchical.ThrowableCollector.execute(ThrowableCollector.java:73) at org.junit.platform.engine.support.hierarchical.NodeTestTask.executeRecursively(NodeTestTask.java:138) at org.junit.platform.engine.support.hierarchical.NodeTestTask.execute(NodeTestTask.java:95) at java.base/java.util.ArrayList.forEach(ArrayList.java:1511) at org.junit.platform.engine.support.hierarchical.SameThreadHierarchicalTestExecutorService.invokeAll(SameThreadHierarchicalTestExecutorService.java:41) at org.junit.platform.engine.support.hierarchical.NodeTestTask.lambda$executeRecursively$6(NodeTestTask.java:155) at org.junit.platform.engine.support.hierarchical.ThrowableCollector.execute(ThrowableCollector.java:73) at org.junit.platform.engine.support.hierarchical.NodeTestTask.lambda$executeRecursively$8(NodeTestTask.java:141) at org.junit.platform.engine.support.hierarchical.Node.around(Node.java:137) at org.junit.platform.engine.support.hierarchical.NodeTestTask.lambda$executeRecursively$9(NodeTestTask.java:139) at org.junit.platform.engine.support.hierarchical.ThrowableCollector.execute(ThrowableCollector.java:73) at org.junit.platform.engine.support.hierarchical.NodeTestTask.executeRecursively(NodeTestTask.java:138) at org.junit.platform.engine.support.hierarchical.NodeTestTask.execute(NodeTestTask.java:95) at java.base/java.util.ArrayList.forEach(ArrayList.java:1511) at org.junit.platform.engine.support.hierarchical.SameThreadHierarchicalTestExecutorService.invokeAll(SameThreadHierarchicalTestExecutorService.java:41) at org.junit.platform.engine.support.hierarchical.NodeTestTask.lambda$executeRecursively$6(NodeTestTask.java:155) at org.junit.platform.engine.support.hierarchical.ThrowableCollector.execute(ThrowableCollector.java:73) at org.junit.platform.engine.support.hierarchical.NodeTestTask.lambda$executeRecursively$8(NodeTestTask.java:141) at org.junit.platform.engine.support.hierarchical.Node.around(Node.java:137) at org.junit.platform.engine.support.hierarchical.NodeTestTask.lambda$executeRecursively$9(NodeTestTask.java:139) at org.junit.platform.engine.support.hierarchical.ThrowableCollector.execute(ThrowableCollector.java:73) at org.junit.platform.engine.support.hierarchical.NodeTestTask.executeRecursively(NodeTestTask.java:138) at org.junit.platform.engine.support.hierarchical.NodeTestTask.execute(NodeTestTask.java:95) at org.junit.platform.engine.support.hierarchical.SameThreadHierarchicalTestExecutorService.submit(SameThreadHierarchicalTestExecutorService.java:35) at org.junit.platform.engine.support.hierarchical.HierarchicalTestExecutor.execute(HierarchicalTestExecutor.java:57) at org.junit.platform.engine.support.hierarchical.HierarchicalTestEngine.execute(HierarchicalTestEngine.java:54) at org.junit.platform.launcher.core.EngineExecutionOrchestrator.execute(EngineExecutionOrchestrator.java:108) at org.junit.platform.launcher.core.EngineExecutionOrchestrator.execute(EngineExecutionOrchestrator.java:88) at org.junit.platform.launcher.core.EngineExecutionOrchestrator.lambda$execute$0(EngineExecutionOrchestrator.java:54) at org.junit.platform.launcher.core.EngineExecutionOrchestrator.withInterceptedStreams(EngineExecutionOrchestrator.java:67) at org.junit.platform.launcher.core.EngineExecutionOrchestrator.execute(EngineExecutionOrchestrator.java:52) at org.junit.platform.launcher.core.DefaultLauncher.execute(DefaultLauncher.java:96) at org.junit.platform.launcher.core.DefaultLauncher.execute(DefaultLauncher.java:75) at org.gradle.api.internal.tasks.testing.junitplatform.JUnitPlatformTestClassProcessor$CollectAllTestClassesExecutor.processAllTestClasses(JUnitPlatformTestClassProcessor.java:99) at org.gradle.api.internal.tasks.testing.junitplatform.JUnitPlatformTestClassProcessor$CollectAllTestClassesExecutor.access$000(JUnitPlatformTestClassProcessor.java:79) at org.gradle.api.internal.tasks.testing.junitplatform.JUnitPlatformTestClassProcessor.stop(JUnitPlatformTestClassProcessor.java:75) at org.gradle.api.internal.tasks.testing.SuiteTestClassProcessor.stop(SuiteTestClassProcessor.java:61) at java.base/jdk.internal.reflect.NativeMethodAccessorImpl.invoke0(Native Method) at java.base/jdk.internal.reflect.NativeMethodAccessorImpl.invoke(NativeMethodAccessorImpl.java:64) at java.base/jdk.internal.reflect.DelegatingMethodAccessorImpl.invoke(DelegatingMethodAccessorImpl.java:43) at java.base/java.lang.reflect.Method.invoke(Method.java:564) at org.gradle.internal.dispatch.ReflectionDispatch.dispatch(ReflectionDispatch.java:36) at org.gradle.internal.dispatch.ReflectionDispatch.dispatch(ReflectionDispatch.java:24) at org.gradle.internal.dispatch.ContextClassLoaderDispatch.dispatch(ContextClassLoaderDispatch.java:33) at org.gradle.internal.dispatch.ProxyDispatchAdapter$DispatchingInvocationHandler.invoke(ProxyDispatchAdapter.java:94) at com.sun.proxy.$Proxy2.stop(Unknown Source) at org.gradle.api.internal.tasks.testing.worker.TestWorker.stop(TestWorker.java:135) at java.base/jdk.internal.reflect.NativeMethodAccessorImpl.invoke0(Native Method) at java.base/jdk.internal.reflect.NativeMethodAccessorImpl.invoke(NativeMethodAccessorImpl.java:64) at java.base/jdk.internal.reflect.DelegatingMethodAccessorImpl.invoke(DelegatingMethodAccessorImpl.java:43) at java.base/java.lang.reflect.Method.invoke(Method.java:564) at org.gradle.internal.dispatch.ReflectionDispatch.dispatch(ReflectionDispatch.java:36) at org.gradle.internal.dispatch.ReflectionDispatch.dispatch(ReflectionDispatch.java:24) at org.gradle.internal.remote.internal.hub.MessageHubBackedObjectConnection$DispatchWrapper.dispatch(MessageHubBackedObjectConnection.java:182) at org.gradle.internal.remote.internal.hub.MessageHubBackedObjectConnection$DispatchWrapper.dispatch(MessageHubBackedObjectConnection.java:164) at org.gradle.internal.remote.internal.hub.MessageHub$Handler.run(MessageHub.java:414) at org.gradle.internal.concurrent.ExecutorPolicy$CatchAndRecordFailures.onExecute(ExecutorPolicy.java:64) at org.gradle.internal.concurrent.ManagedExecutorImpl$1.run(ManagedExecutorImpl.java:48) at java.base/java.util.concurrent.ThreadPoolExecutor.runWorker(ThreadPoolExecutor.java:1130) at java.base/java.util.concurrent.ThreadPoolExecutor$Worker.run(ThreadPoolExecutor.java:630) at org.gradle.internal.concurrent.ThreadFactoryImpl$ManagedThreadRunnable.run(ThreadFactoryImpl.java:56) at java.base/java.lang.Thread.run(Thread.java:832) at ══════════════════════════.==Second==() at dungeonmania.gamemap.GameMap.jsonToMap(GameMap.java:242) at dungeonmania.gamemap.GameMap.<init>(GameMap.java:56) at dungeonmania.DungeonManiaController.newGame(DungeonManiaController.java:102) at dungeonmania.controllerTest.Utils.newGame(Utils.java:37) at dungeonmania.controllerTest.SaveLoadTest.testSaveAllEntities(SaveLoadTest.java:80) FAILURE DONE 1 test completed, 1 failed FAILURE: Build failed with an exception. README.md assumptions.md build build.gradle design.pdf gradle gradlew gradlew.bat planning.pdf src What went wrong: Execution failed for task ':test'. > There were failing tests. See the report at: file:///Users/braedonwooding/project-automarking/t09b_brioche/build/reports/tests/test/index.html README.md assumptions.md build build.gradle design.pdf gradle gradlew gradlew.bat planning.pdf src Try: Run with --stacktrace option to get the stack trace. Run with --info or --debug option to get more log output. Run with --scan to get full insights. README.md assumptions.md build build.gradle design.pdf gradle gradlew gradlew.bat planning.pdf src Get more help at https://help.gradle.org BUILD FAILED in 5s
Test 13-1
SUCCESS DONE
Test 13-2
SUCCESS DONE
Test 13-3
SUCCESS DONE
Test 13-4
SUCCESS DONE
Test 13-5
SUCCESS DONE
Test 13-6
SUCCESS DONE
Test 13-7
SUCCESS DONE
Test 14-1
SUCCESS DONE
Test 14-2
SUCCESS DONE
Test 14-3
SUCCESS DONE
Test 14-4
SUCCESS DONE
Test 14-5
InterfaceTest > TickInterfaceTest > 14-5 Testing tick with an invalid ite FAILED java.lang.RuntimeException: Failed to create a new game due to multiple exceptions. Will report both exceptions after each other (the stack traces will occur after one and another). The first exception was with lowercase gamemode and second was with upper camel case gamemode (i.e. Standard) ==First== NullPointerException: Cannot invoke "java.util.List.add(Object)" because the return value of "java.util.Map.get(Object)" is null ==Second== NullPointerException: Cannot invoke "java.util.List.add(Object)" because the return value of "java.util.Map.get(Object)" is null at dungeonmania.gamemap.GameMap.jsonToMap(GameMap.java:242) at dungeonmania.gamemap.GameMap.<init>(GameMap.java:56) at dungeonmania.DungeonManiaController.newGame(DungeonManiaController.java:102) at dungeonmania.controllerTest.Utils.newGame(Utils.java:30) at dungeonmania.controllerTest.InterfaceTest$TickInterfaceTest.testTickInterfaceInvalidItem(InterfaceTest.java:89) at java.base/jdk.internal.reflect.NativeMethodAccessorImpl.invoke0(Native Method) at java.base/jdk.internal.reflect.NativeMethodAccessorImpl.invoke(NativeMethodAccessorImpl.java:64) at java.base/jdk.internal.reflect.DelegatingMethodAccessorImpl.invoke(DelegatingMethodAccessorImpl.java:43) at java.base/java.lang.reflect.Method.invoke(Method.java:564) at org.junit.platform.commons.util.ReflectionUtils.invokeMethod(ReflectionUtils.java:725) at org.junit.jupiter.engine.execution.MethodInvocation.proceed(MethodInvocation.java:60) at org.junit.jupiter.engine.execution.InvocationInterceptorChain$ValidatingInvocation.proceed(InvocationInterceptorChain.java:131) at org.junit.jupiter.engine.extension.TimeoutInvocation.proceed(TimeoutInvocation.java:46) at org.junit.jupiter.engine.extension.TimeoutExtension.intercept(TimeoutExtension.java:149) at org.junit.jupiter.engine.extension.TimeoutExtension.interceptTestableMethod(TimeoutExtension.java:140) at org.junit.jupiter.engine.extension.TimeoutExtension.interceptTestMethod(TimeoutExtension.java:84) at org.junit.jupiter.engine.execution.ExecutableInvoker$ReflectiveInterceptorCall.lambda$ofVoidMethod$0(ExecutableInvoker.java:115) at org.junit.jupiter.engine.execution.ExecutableInvoker.lambda$invoke$0(ExecutableInvoker.java:105) at org.junit.jupiter.engine.execution.InvocationInterceptorChain$InterceptedInvocation.proceed(InvocationInterceptorChain.java:106) at org.junit.jupiter.engine.execution.InvocationInterceptorChain.proceed(InvocationInterceptorChain.java:64) at org.junit.jupiter.engine.execution.InvocationInterceptorChain.chainAndInvoke(InvocationInterceptorChain.java:45) at org.junit.jupiter.engine.execution.InvocationInterceptorChain.invoke(InvocationInterceptorChain.java:37) at org.junit.jupiter.engine.execution.ExecutableInvoker.invoke(ExecutableInvoker.java:104) at org.junit.jupiter.engine.execution.ExecutableInvoker.invoke(ExecutableInvoker.java:98) at org.junit.jupiter.engine.descriptor.TestMethodTestDescriptor.lambda$invokeTestMethod$7(TestMethodTestDescriptor.java:214) at org.junit.platform.engine.support.hierarchical.ThrowableCollector.execute(ThrowableCollector.java:73) at org.junit.jupiter.engine.descriptor.TestMethodTestDescriptor.invokeTestMethod(TestMethodTestDescriptor.java:210) at org.junit.jupiter.engine.descriptor.TestMethodTestDescriptor.execute(TestMethodTestDescriptor.java:135) at org.junit.jupiter.engine.descriptor.TestMethodTestDescriptor.execute(TestMethodTestDescriptor.java:66) at org.junit.platform.engine.support.hierarchical.NodeTestTask.lambda$executeRecursively$6(NodeTestTask.java:151) at org.junit.platform.engine.support.hierarchical.ThrowableCollector.execute(ThrowableCollector.java:73) at org.junit.platform.engine.support.hierarchical.NodeTestTask.lambda$executeRecursively$8(NodeTestTask.java:141) at org.junit.platform.engine.support.hierarchical.Node.around(Node.java:137) at org.junit.platform.engine.support.hierarchical.NodeTestTask.lambda$executeRecursively$9(NodeTestTask.java:139) at org.junit.platform.engine.support.hierarchical.ThrowableCollector.execute(ThrowableCollector.java:73) at org.junit.platform.engine.support.hierarchical.NodeTestTask.executeRecursively(NodeTestTask.java:138) at org.junit.platform.engine.support.hierarchical.NodeTestTask.execute(NodeTestTask.java:95) at java.base/java.util.ArrayList.forEach(ArrayList.java:1511) at org.junit.platform.engine.support.hierarchical.SameThreadHierarchicalTestExecutorService.invokeAll(SameThreadHierarchicalTestExecutorService.java:41) at org.junit.platform.engine.support.hierarchical.NodeTestTask.lambda$executeRecursively$6(NodeTestTask.java:155) at org.junit.platform.engine.support.hierarchical.ThrowableCollector.execute(ThrowableCollector.java:73) at org.junit.platform.engine.support.hierarchical.NodeTestTask.lambda$executeRecursively$8(NodeTestTask.java:141) at org.junit.platform.engine.support.hierarchical.Node.around(Node.java:137) at org.junit.platform.engine.support.hierarchical.NodeTestTask.lambda$executeRecursively$9(NodeTestTask.java:139) at org.junit.platform.engine.support.hierarchical.ThrowableCollector.execute(ThrowableCollector.java:73) at org.junit.platform.engine.support.hierarchical.NodeTestTask.executeRecursively(NodeTestTask.java:138) at org.junit.platform.engine.support.hierarchical.NodeTestTask.execute(NodeTestTask.java:95) at java.base/java.util.ArrayList.forEach(ArrayList.java:1511) at org.junit.platform.engine.support.hierarchical.SameThreadHierarchicalTestExecutorService.invokeAll(SameThreadHierarchicalTestExecutorService.java:41) at org.junit.platform.engine.support.hierarchical.NodeTestTask.lambda$executeRecursively$6(NodeTestTask.java:155) at org.junit.platform.engine.support.hierarchical.ThrowableCollector.execute(ThrowableCollector.java:73) at org.junit.platform.engine.support.hierarchical.NodeTestTask.lambda$executeRecursively$8(NodeTestTask.java:141) at org.junit.platform.engine.support.hierarchical.Node.around(Node.java:137) at org.junit.platform.engine.support.hierarchical.NodeTestTask.lambda$executeRecursively$9(NodeTestTask.java:139) at org.junit.platform.engine.support.hierarchical.ThrowableCollector.execute(ThrowableCollector.java:73) at org.junit.platform.engine.support.hierarchical.NodeTestTask.executeRecursively(NodeTestTask.java:138) at org.junit.platform.engine.support.hierarchical.NodeTestTask.execute(NodeTestTask.java:95) at java.base/java.util.ArrayList.forEach(ArrayList.java:1511) at org.junit.platform.engine.support.hierarchical.SameThreadHierarchicalTestExecutorService.invokeAll(SameThreadHierarchicalTestExecutorService.java:41) at org.junit.platform.engine.support.hierarchical.NodeTestTask.lambda$executeRecursively$6(NodeTestTask.java:155) at org.junit.platform.engine.support.hierarchical.ThrowableCollector.execute(ThrowableCollector.java:73) at org.junit.platform.engine.support.hierarchical.NodeTestTask.lambda$executeRecursively$8(NodeTestTask.java:141) at org.junit.platform.engine.support.hierarchical.Node.around(Node.java:137) at org.junit.platform.engine.support.hierarchical.NodeTestTask.lambda$executeRecursively$9(NodeTestTask.java:139) at org.junit.platform.engine.support.hierarchical.ThrowableCollector.execute(ThrowableCollector.java:73) at org.junit.platform.engine.support.hierarchical.NodeTestTask.executeRecursively(NodeTestTask.java:138) at org.junit.platform.engine.support.hierarchical.NodeTestTask.execute(NodeTestTask.java:95) at org.junit.platform.engine.support.hierarchical.SameThreadHierarchicalTestExecutorService.submit(SameThreadHierarchicalTestExecutorService.java:35) at org.junit.platform.engine.support.hierarchical.HierarchicalTestExecutor.execute(HierarchicalTestExecutor.java:57) at org.junit.platform.engine.support.hierarchical.HierarchicalTestEngine.execute(HierarchicalTestEngine.java:54) at org.junit.platform.launcher.core.EngineExecutionOrchestrator.execute(EngineExecutionOrchestrator.java:108) at org.junit.platform.launcher.core.EngineExecutionOrchestrator.execute(EngineExecutionOrchestrator.java:88) at org.junit.platform.launcher.core.EngineExecutionOrchestrator.lambda$execute$0(EngineExecutionOrchestrator.java:54) at org.junit.platform.launcher.core.EngineExecutionOrchestrator.withInterceptedStreams(EngineExecutionOrchestrator.java:67) at org.junit.platform.launcher.core.EngineExecutionOrchestrator.execute(EngineExecutionOrchestrator.java:52) at org.junit.platform.launcher.core.DefaultLauncher.execute(DefaultLauncher.java:96) at org.junit.platform.launcher.core.DefaultLauncher.execute(DefaultLauncher.java:75) at org.gradle.api.internal.tasks.testing.junitplatform.JUnitPlatformTestClassProcessor$CollectAllTestClassesExecutor.processAllTestClasses(JUnitPlatformTestClassProcessor.java:99) at org.gradle.api.internal.tasks.testing.junitplatform.JUnitPlatformTestClassProcessor$CollectAllTestClassesExecutor.access$000(JUnitPlatformTestClassProcessor.java:79) at org.gradle.api.internal.tasks.testing.junitplatform.JUnitPlatformTestClassProcessor.stop(JUnitPlatformTestClassProcessor.java:75) at org.gradle.api.internal.tasks.testing.SuiteTestClassProcessor.stop(SuiteTestClassProcessor.java:61) at java.base/jdk.internal.reflect.NativeMethodAccessorImpl.invoke0(Native Method) at java.base/jdk.internal.reflect.NativeMethodAccessorImpl.invoke(NativeMethodAccessorImpl.java:64) at java.base/jdk.internal.reflect.DelegatingMethodAccessorImpl.invoke(DelegatingMethodAccessorImpl.java:43) at java.base/java.lang.reflect.Method.invoke(Method.java:564) at org.gradle.internal.dispatch.ReflectionDispatch.dispatch(ReflectionDispatch.java:36) at org.gradle.internal.dispatch.ReflectionDispatch.dispatch(ReflectionDispatch.java:24) at org.gradle.internal.dispatch.ContextClassLoaderDispatch.dispatch(ContextClassLoaderDispatch.java:33) at org.gradle.internal.dispatch.ProxyDispatchAdapter$DispatchingInvocationHandler.invoke(ProxyDispatchAdapter.java:94) at com.sun.proxy.$Proxy2.stop(Unknown Source) at org.gradle.api.internal.tasks.testing.worker.TestWorker.stop(TestWorker.java:135) at java.base/jdk.internal.reflect.NativeMethodAccessorImpl.invoke0(Native Method) at java.base/jdk.internal.reflect.NativeMethodAccessorImpl.invoke(NativeMethodAccessorImpl.java:64) at java.base/jdk.internal.reflect.DelegatingMethodAccessorImpl.invoke(DelegatingMethodAccessorImpl.java:43) at java.base/java.lang.reflect.Method.invoke(Method.java:564) at org.gradle.internal.dispatch.ReflectionDispatch.dispatch(ReflectionDispatch.java:36) at org.gradle.internal.dispatch.ReflectionDispatch.dispatch(ReflectionDispatch.java:24) at org.gradle.internal.remote.internal.hub.MessageHubBackedObjectConnection$DispatchWrapper.dispatch(MessageHubBackedObjectConnection.java:182) at org.gradle.internal.remote.internal.hub.MessageHubBackedObjectConnection$DispatchWrapper.dispatch(MessageHubBackedObjectConnection.java:164) at org.gradle.internal.remote.internal.hub.MessageHub$Handler.run(MessageHub.java:414) at org.gradle.internal.concurrent.ExecutorPolicy$CatchAndRecordFailures.onExecute(ExecutorPolicy.java:64) at org.gradle.internal.concurrent.ManagedExecutorImpl$1.run(ManagedExecutorImpl.java:48) at java.base/java.util.concurrent.ThreadPoolExecutor.runWorker(ThreadPoolExecutor.java:1130) at java.base/java.util.concurrent.ThreadPoolExecutor$Worker.run(ThreadPoolExecutor.java:630) at org.gradle.internal.concurrent.ThreadFactoryImpl$ManagedThreadRunnable.run(ThreadFactoryImpl.java:56) at java.base/java.lang.Thread.run(Thread.java:832) at ══════════════════════════.==Second==() at dungeonmania.gamemap.GameMap.jsonToMap(GameMap.java:242) at dungeonmania.gamemap.GameMap.<init>(GameMap.java:56) at dungeonmania.DungeonManiaController.newGame(DungeonManiaController.java:102) at dungeonmania.controllerTest.Utils.newGame(Utils.java:37) at dungeonmania.controllerTest.InterfaceTest$TickInterfaceTest.testTickInterfaceInvalidItem(InterfaceTest.java:89) FAILURE DONE 1 test completed, 1 failed FAILURE: Build failed with an exception. README.md assumptions.md build build.gradle design.pdf gradle gradlew gradlew.bat planning.pdf src What went wrong: Execution failed for task ':test'. > There were failing tests. See the report at: file:///Users/braedonwooding/project-automarking/t09b_brioche/build/reports/tests/test/index.html README.md assumptions.md build build.gradle design.pdf gradle gradlew gradlew.bat planning.pdf src Try: Run with --stacktrace option to get the stack trace. Run with --info or --debug option to get more log output. Run with --scan to get full insights. README.md assumptions.md build build.gradle design.pdf gradle gradlew gradlew.bat planning.pdf src Get more help at https://help.gradle.org BUILD FAILED in 4s
Test 14-6
SUCCESS DONE
Test 15-1
SUCCESS DONE
Test 15-2
SUCCESS DONE
Test 15-3
SUCCESS DONE
Test 15-4
SUCCESS DONE
Test 15-5
SUCCESS DONE
Test 15-6
SUCCESS DONE
Test 15-7
SUCCESS DONE
Test 15-8
SUCCESS DONE
Test 15-9
SUCCESS DONE
Test 15-10
SUCCESS DONE
Test 15-11
SUCCESS DONE
Test 15-12
SUCCESS DONE
Test 15-13
SUCCESS DONE
Test 15-14
SUCCESS DONE
Test 15-15
SUCCESS DONE
Test 15-16
SUCCESS DONE
Test 16-1
SUCCESS DONE
Test 16-2
SUCCESS DONE
Test 16-3
SUCCESS DONE
Test 16-4
BattleTest > 16-4 Test player wins a battle against a spider with an invinicibility potion FAILED org.opentest4j.AssertionFailedError: expected: <0> but was: <1> at org.junit.jupiter.api.AssertionUtils.fail(AssertionUtils.java:55) at org.junit.jupiter.api.AssertionUtils.failNotEqual(AssertionUtils.java:62) at org.junit.jupiter.api.AssertEquals.assertEquals(AssertEquals.java:150) at org.junit.jupiter.api.AssertEquals.assertEquals(AssertEquals.java:145) at org.junit.jupiter.api.Assertions.assertEquals(Assertions.java:527) at dungeonmania.controllerTest.BattleTest.testPlayerWinsSpiderBattleWithInvincibilityPotion(BattleTest.java:129) FAILURE DONE 1 test completed, 1 failed FAILURE: Build failed with an exception. README.md assumptions.md build build.gradle design.pdf gradle gradlew gradlew.bat planning.pdf src What went wrong: Execution failed for task ':test'. > There were failing tests. See the report at: file:///Users/braedonwooding/project-automarking/t09b_brioche/build/reports/tests/test/index.html README.md assumptions.md build build.gradle design.pdf gradle gradlew gradlew.bat planning.pdf src Try: Run with --stacktrace option to get the stack trace. Run with --info or --debug option to get more log output. Run with --scan to get full insights. README.md assumptions.md build build.gradle design.pdf gradle gradlew gradlew.bat planning.pdf src Get more help at https://help.gradle.org BUILD FAILED in 8s
Test 16-5
SUCCESS DONE
Test 16-6
BattleTest > 16-6 Test a player wins a battle against a mercenary with an invincibility potion FAILED org.opentest4j.AssertionFailedError: expected: <0> but was: <1> at org.junit.jupiter.api.AssertionUtils.fail(AssertionUtils.java:55) at org.junit.jupiter.api.AssertionUtils.failNotEqual(AssertionUtils.java:62) at org.junit.jupiter.api.AssertEquals.assertEquals(AssertEquals.java:150) at org.junit.jupiter.api.AssertEquals.assertEquals(AssertEquals.java:145) at org.junit.jupiter.api.Assertions.assertEquals(Assertions.java:527) at dungeonmania.controllerTest.BattleTest.testPlayerWinsMercenaryBattleWithInvincibilityPotion(BattleTest.java:180) FAILURE DONE 1 test completed, 1 failed FAILURE: Build failed with an exception. README.md assumptions.md build build.gradle design.pdf gradle gradlew gradlew.bat planning.pdf src What went wrong: Execution failed for task ':test'. > There were failing tests. See the report at: file:///Users/braedonwooding/project-automarking/t09b_brioche/build/reports/tests/test/index.html README.md assumptions.md build build.gradle design.pdf gradle gradlew gradlew.bat planning.pdf src Try: Run with --stacktrace option to get the stack trace. Run with --info or --debug option to get more log output. Run with --scan to get full insights. README.md assumptions.md build build.gradle design.pdf gradle gradlew gradlew.bat planning.pdf src Get more help at https://help.gradle.org BUILD FAILED in 5s
Test 16-7
BattleTest > 16-7 Test the player dies after battling 30 enemies consecutively FAILED java.lang.RuntimeException: Failed to create a new game due to multiple exceptions. Will report both exceptions after each other (the stack traces will occur after one and another). The first exception was with lowercase gamemode and second was with upper camel case gamemode (i.e. Standard) ==First== NullPointerException: Cannot invoke "java.util.List.add(Object)" because the return value of "java.util.Map.get(Object)" is null ==Second== NullPointerException: Cannot invoke "java.util.List.add(Object)" because the return value of "java.util.Map.get(Object)" is null at dungeonmania.gamemap.GameMap.jsonToMap(GameMap.java:242) at dungeonmania.gamemap.GameMap.<init>(GameMap.java:56) at dungeonmania.DungeonManiaController.newGame(DungeonManiaController.java:102) at dungeonmania.controllerTest.Utils.newGame(Utils.java:30) at dungeonmania.controllerTest.BattleTest.testPlayerDiesAfterBattlingThirtyEnemiesConsecutively(BattleTest.java:189) at java.base/jdk.internal.reflect.NativeMethodAccessorImpl.invoke0(Native Method) at java.base/jdk.internal.reflect.NativeMethodAccessorImpl.invoke(NativeMethodAccessorImpl.java:64) at java.base/jdk.internal.reflect.DelegatingMethodAccessorImpl.invoke(DelegatingMethodAccessorImpl.java:43) at java.base/java.lang.reflect.Method.invoke(Method.java:564) at org.junit.platform.commons.util.ReflectionUtils.invokeMethod(ReflectionUtils.java:725) at org.junit.jupiter.engine.execution.MethodInvocation.proceed(MethodInvocation.java:60) at org.junit.jupiter.engine.execution.InvocationInterceptorChain$ValidatingInvocation.proceed(InvocationInterceptorChain.java:131) at org.junit.jupiter.engine.extension.TimeoutInvocation.proceed(TimeoutInvocation.java:46) at org.junit.jupiter.engine.extension.TimeoutExtension.intercept(TimeoutExtension.java:149) at org.junit.jupiter.engine.extension.TimeoutExtension.interceptTestableMethod(TimeoutExtension.java:140) at org.junit.jupiter.engine.extension.TimeoutExtension.interceptTestMethod(TimeoutExtension.java:84) at org.junit.jupiter.engine.execution.ExecutableInvoker$ReflectiveInterceptorCall.lambda$ofVoidMethod$0(ExecutableInvoker.java:115) at org.junit.jupiter.engine.execution.ExecutableInvoker.lambda$invoke$0(ExecutableInvoker.java:105) at org.junit.jupiter.engine.execution.InvocationInterceptorChain$InterceptedInvocation.proceed(InvocationInterceptorChain.java:106) at org.junit.jupiter.engine.execution.InvocationInterceptorChain.proceed(InvocationInterceptorChain.java:64) at org.junit.jupiter.engine.execution.InvocationInterceptorChain.chainAndInvoke(InvocationInterceptorChain.java:45) at org.junit.jupiter.engine.execution.InvocationInterceptorChain.invoke(InvocationInterceptorChain.java:37) at org.junit.jupiter.engine.execution.ExecutableInvoker.invoke(ExecutableInvoker.java:104) at org.junit.jupiter.engine.execution.ExecutableInvoker.invoke(ExecutableInvoker.java:98) at org.junit.jupiter.engine.descriptor.TestMethodTestDescriptor.lambda$invokeTestMethod$7(TestMethodTestDescriptor.java:214) at org.junit.platform.engine.support.hierarchical.ThrowableCollector.execute(ThrowableCollector.java:73) at org.junit.jupiter.engine.descriptor.TestMethodTestDescriptor.invokeTestMethod(TestMethodTestDescriptor.java:210) at org.junit.jupiter.engine.descriptor.TestMethodTestDescriptor.execute(TestMethodTestDescriptor.java:135) at org.junit.jupiter.engine.descriptor.TestMethodTestDescriptor.execute(TestMethodTestDescriptor.java:66) at org.junit.platform.engine.support.hierarchical.NodeTestTask.lambda$executeRecursively$6(NodeTestTask.java:151) at org.junit.platform.engine.support.hierarchical.ThrowableCollector.execute(ThrowableCollector.java:73) at org.junit.platform.engine.support.hierarchical.NodeTestTask.lambda$executeRecursively$8(NodeTestTask.java:141) at org.junit.platform.engine.support.hierarchical.Node.around(Node.java:137) at org.junit.platform.engine.support.hierarchical.NodeTestTask.lambda$executeRecursively$9(NodeTestTask.java:139) at org.junit.platform.engine.support.hierarchical.ThrowableCollector.execute(ThrowableCollector.java:73) at org.junit.platform.engine.support.hierarchical.NodeTestTask.executeRecursively(NodeTestTask.java:138) at org.junit.platform.engine.support.hierarchical.NodeTestTask.execute(NodeTestTask.java:95) at java.base/java.util.ArrayList.forEach(ArrayList.java:1511) at org.junit.platform.engine.support.hierarchical.SameThreadHierarchicalTestExecutorService.invokeAll(SameThreadHierarchicalTestExecutorService.java:41) at org.junit.platform.engine.support.hierarchical.NodeTestTask.lambda$executeRecursively$6(NodeTestTask.java:155) at org.junit.platform.engine.support.hierarchical.ThrowableCollector.execute(ThrowableCollector.java:73) at org.junit.platform.engine.support.hierarchical.NodeTestTask.lambda$executeRecursively$8(NodeTestTask.java:141) at org.junit.platform.engine.support.hierarchical.Node.around(Node.java:137) at org.junit.platform.engine.support.hierarchical.NodeTestTask.lambda$executeRecursively$9(NodeTestTask.java:139) at org.junit.platform.engine.support.hierarchical.ThrowableCollector.execute(ThrowableCollector.java:73) at org.junit.platform.engine.support.hierarchical.NodeTestTask.executeRecursively(NodeTestTask.java:138) at org.junit.platform.engine.support.hierarchical.NodeTestTask.execute(NodeTestTask.java:95) at java.base/java.util.ArrayList.forEach(ArrayList.java:1511) at org.junit.platform.engine.support.hierarchical.SameThreadHierarchicalTestExecutorService.invokeAll(SameThreadHierarchicalTestExecutorService.java:41) at org.junit.platform.engine.support.hierarchical.NodeTestTask.lambda$executeRecursively$6(NodeTestTask.java:155) at org.junit.platform.engine.support.hierarchical.ThrowableCollector.execute(ThrowableCollector.java:73) at org.junit.platform.engine.support.hierarchical.NodeTestTask.lambda$executeRecursively$8(NodeTestTask.java:141) at org.junit.platform.engine.support.hierarchical.Node.around(Node.java:137) at org.junit.platform.engine.support.hierarchical.NodeTestTask.lambda$executeRecursively$9(NodeTestTask.java:139) at org.junit.platform.engine.support.hierarchical.ThrowableCollector.execute(ThrowableCollector.java:73) at org.junit.platform.engine.support.hierarchical.NodeTestTask.executeRecursively(NodeTestTask.java:138) at org.junit.platform.engine.support.hierarchical.NodeTestTask.execute(NodeTestTask.java:95) at org.junit.platform.engine.support.hierarchical.SameThreadHierarchicalTestExecutorService.submit(SameThreadHierarchicalTestExecutorService.java:35) at org.junit.platform.engine.support.hierarchical.HierarchicalTestExecutor.execute(HierarchicalTestExecutor.java:57) at org.junit.platform.engine.support.hierarchical.HierarchicalTestEngine.execute(HierarchicalTestEngine.java:54) at org.junit.platform.launcher.core.EngineExecutionOrchestrator.execute(EngineExecutionOrchestrator.java:108) at org.junit.platform.launcher.core.EngineExecutionOrchestrator.execute(EngineExecutionOrchestrator.java:88) at org.junit.platform.launcher.core.EngineExecutionOrchestrator.lambda$execute$0(EngineExecutionOrchestrator.java:54) at org.junit.platform.launcher.core.EngineExecutionOrchestrator.withInterceptedStreams(EngineExecutionOrchestrator.java:67) at org.junit.platform.launcher.core.EngineExecutionOrchestrator.execute(EngineExecutionOrchestrator.java:52) at org.junit.platform.launcher.core.DefaultLauncher.execute(DefaultLauncher.java:96) at org.junit.platform.launcher.core.DefaultLauncher.execute(DefaultLauncher.java:75) at org.gradle.api.internal.tasks.testing.junitplatform.JUnitPlatformTestClassProcessor$CollectAllTestClassesExecutor.processAllTestClasses(JUnitPlatformTestClassProcessor.java:99) at org.gradle.api.internal.tasks.testing.junitplatform.JUnitPlatformTestClassProcessor$CollectAllTestClassesExecutor.access$000(JUnitPlatformTestClassProcessor.java:79) at org.gradle.api.internal.tasks.testing.junitplatform.JUnitPlatformTestClassProcessor.stop(JUnitPlatformTestClassProcessor.java:75) at org.gradle.api.internal.tasks.testing.SuiteTestClassProcessor.stop(SuiteTestClassProcessor.java:61) at java.base/jdk.internal.reflect.NativeMethodAccessorImpl.invoke0(Native Method) at java.base/jdk.internal.reflect.NativeMethodAccessorImpl.invoke(NativeMethodAccessorImpl.java:64) at java.base/jdk.internal.reflect.DelegatingMethodAccessorImpl.invoke(DelegatingMethodAccessorImpl.java:43) at java.base/java.lang.reflect.Method.invoke(Method.java:564) at org.gradle.internal.dispatch.ReflectionDispatch.dispatch(ReflectionDispatch.java:36) at org.gradle.internal.dispatch.ReflectionDispatch.dispatch(ReflectionDispatch.java:24) at org.gradle.internal.dispatch.ContextClassLoaderDispatch.dispatch(ContextClassLoaderDispatch.java:33) at org.gradle.internal.dispatch.ProxyDispatchAdapter$DispatchingInvocationHandler.invoke(ProxyDispatchAdapter.java:94) at com.sun.proxy.$Proxy2.stop(Unknown Source) at org.gradle.api.internal.tasks.testing.worker.TestWorker.stop(TestWorker.java:135) at java.base/jdk.internal.reflect.NativeMethodAccessorImpl.invoke0(Native Method) at java.base/jdk.internal.reflect.NativeMethodAccessorImpl.invoke(NativeMethodAccessorImpl.java:64) at java.base/jdk.internal.reflect.DelegatingMethodAccessorImpl.invoke(DelegatingMethodAccessorImpl.java:43) at java.base/java.lang.reflect.Method.invoke(Method.java:564) at org.gradle.internal.dispatch.ReflectionDispatch.dispatch(ReflectionDispatch.java:36) at org.gradle.internal.dispatch.ReflectionDispatch.dispatch(ReflectionDispatch.java:24) at org.gradle.internal.remote.internal.hub.MessageHubBackedObjectConnection$DispatchWrapper.dispatch(MessageHubBackedObjectConnection.java:182) at org.gradle.internal.remote.internal.hub.MessageHubBackedObjectConnection$DispatchWrapper.dispatch(MessageHubBackedObjectConnection.java:164) at org.gradle.internal.remote.internal.hub.MessageHub$Handler.run(MessageHub.java:414) at org.gradle.internal.concurrent.ExecutorPolicy$CatchAndRecordFailures.onExecute(ExecutorPolicy.java:64) at org.gradle.internal.concurrent.ManagedExecutorImpl$1.run(ManagedExecutorImpl.java:48) at java.base/java.util.concurrent.ThreadPoolExecutor.runWorker(ThreadPoolExecutor.java:1130) at java.base/java.util.concurrent.ThreadPoolExecutor$Worker.run(ThreadPoolExecutor.java:630) at org.gradle.internal.concurrent.ThreadFactoryImpl$ManagedThreadRunnable.run(ThreadFactoryImpl.java:56) at java.base/java.lang.Thread.run(Thread.java:832) at ══════════════════════════.==Second==() at dungeonmania.gamemap.GameMap.jsonToMap(GameMap.java:242) at dungeonmania.gamemap.GameMap.<init>(GameMap.java:56) at dungeonmania.DungeonManiaController.newGame(DungeonManiaController.java:102) at dungeonmania.controllerTest.Utils.newGame(Utils.java:37) at dungeonmania.controllerTest.BattleTest.testPlayerDiesAfterBattlingThirtyEnemiesConsecutively(BattleTest.java:189) FAILURE DONE 1 test completed, 1 failed FAILURE: Build failed with an exception. README.md assumptions.md build build.gradle design.pdf gradle gradlew gradlew.bat planning.pdf src What went wrong: Execution failed for task ':test'. > There were failing tests. See the report at: file:///Users/braedonwooding/project-automarking/t09b_brioche/build/reports/tests/test/index.html README.md assumptions.md build build.gradle design.pdf gradle gradlew gradlew.bat planning.pdf src Try: Run with --stacktrace option to get the stack trace. Run with --info or --debug option to get more log output. Run with --scan to get full insights. README.md assumptions.md build build.gradle design.pdf gradle gradlew gradlew.bat planning.pdf src Get more help at https://help.gradle.org BUILD FAILED in 5s
